<?xml version="1.0" encoding="UTF-8" ?>
<testsuites>
<testsuite name="long-press-mouse" errors="0" tests="3" failures="0" time="3.985" timestamp="2021-05-24T21:01:15">
  <testcase classname="long-press-mouse" name="should fire long-press event after default 1.5s" time="1.834"></testcase>
  <testcase classname="long-press-mouse" name="should fire long-press event using data-long-press-delay" time="0.38"></testcase>
  <testcase classname="long-press-mouse" name="should fire with correct clientX and clientY" time="1.769"></testcase>
</testsuite>
</testsuites>